0 info it worked if it ends with ok
1 verbose cli [ '/usr/local/Cellar/node/7.6.0/bin/node',
1 verbose cli   '/usr/local/bin/npm',
1 verbose cli   'start',
1 verbose cli   '--',
1 verbose cli   '--port',
1 verbose cli   '8000' ]
2 info using npm@4.1.2
3 info using node@v7.6.0
4 verbose run-script [ 'prestart', 'start', 'poststart' ]
5 info lifecycle chat@~prestart: chat@
6 silly lifecycle chat@~prestart: no script for prestart, continuing
7 info lifecycle chat@~start: chat@
8 verbose lifecycle chat@~start: unsafe-perm in lifecycle true
9 verbose lifecycle chat@~start: PATH: /usr/local/lib/node_modules/npm/bin/node-gyp-bin:/Users/grzegorztarnowski/MyWork/chat/node_modules/.bin:/usr/local/bin:/usr/bin:/bin:/usr/sbin:/sbin
10 verbose lifecycle chat@~start: CWD: /Users/grzegorztarnowski/MyWork/chat
11 silly lifecycle chat@~start: Args: [ '-c', 'meteor run "--port" "8000"' ]
12 silly lifecycle chat@~start: Returned: code: 1  signal: null
13 info lifecycle chat@~start: Failed to exec start script
14 verbose stack Error: chat@ start: `meteor run "--port" "8000"`
14 verbose stack Exit status 1
14 verbose stack     at EventEmitter.<anonymous> (/usr/local/lib/node_modules/npm/lib/utils/lifecycle.js:279:16)
14 verbose stack     at emitTwo (events.js:106:13)
14 verbose stack     at EventEmitter.emit (events.js:192:7)
14 verbose stack     at ChildProcess.<anonymous> (/usr/local/lib/node_modules/npm/lib/utils/spawn.js:40:14)
14 verbose stack     at emitTwo (events.js:106:13)
14 verbose stack     at ChildProcess.emit (events.js:192:7)
14 verbose stack     at maybeClose (internal/child_process.js:890:16)
14 verbose stack     at Process.ChildProcess._handle.onexit (internal/child_process.js:226:5)
15 verbose pkgid chat@
16 verbose cwd /Users/grzegorztarnowski/MyWork/chat
17 error Darwin 16.3.0
18 error argv "/usr/local/Cellar/node/7.6.0/bin/node" "/usr/local/bin/npm" "start" "--" "--port" "8000"
19 error node v7.6.0
20 error npm  v4.1.2
21 error code ELIFECYCLE
22 error chat@ start: `meteor run "--port" "8000"`
22 error Exit status 1
23 error Failed at the chat@ start script 'meteor run "--port" "8000"'.
23 error Make sure you have the latest version of node.js and npm installed.
23 error If you do, this is most likely a problem with the chat package,
23 error not with npm itself.
23 error Tell the author that this fails on your system:
23 error     meteor run "--port" "8000"
23 error You can get information on how to open an issue for this project with:
23 error     npm bugs chat
23 error Or if that isn't available, you can get their info via:
23 error     npm owner ls chat
23 error There is likely additional logging output above.
24 verbose exit [ 1, true ]
